In _bootstrap -> _bootstrap_inner -> run ->
File C:\Users\Kitchen\Documents\Python\STT\venv\Lib\site-packages\pynput\_util\win32.py, line 357, in _run
  for msg in self._message_loop:
File C:\Users\Kitchen\Documents\Python\STT\venv\Lib\site-packages\pynput\_util\win32.py, line 190, in __iter__
  r = self._GetMessage(lpmsg, None, 0, 0)
File C:\Users\Kitchen\Documents\Python\STT\venv\Lib\site-packages\pynput\_util\win32.py, line 307, in _handler
  self.on_hook(code, msg, lpdata)
File C:\Users\Kitchen\Documents\Python\STT\venv\Lib\site-packages\pynput\_util\__init__.py, line 230, in inner
  return f(self, *args, **kwargs)
File C:\Users\Kitchen\Documents\Python\STT\venv\Lib\site-packages\pynput\_util\win32.py, line 390, in _handler
  self._handle_message(code, msg, lpdata)
File C:\Users\Kitchen\Documents\Python\STT\venv\Lib\site-packages\pynput\mouse\_win32.py, line 221, in _handle_message
  self.on_click(data.pt.x, data.pt.y, button, pressed, injected)
File C:\Users\Kitchen\Documents\Python\STT\venv\Lib\site-packages\pynput\_util\__init__.py, line 146, in inner
  if f(*args) is False:
File C:\Users\Kitchen\Documents\Python\STT\venv\Lib\site-packages\pynput\_util\__init__.py, line 291, in <lambda>
  return lambda *a: f(*a[:actual])
File C:\Users\Kitchen\Documents\Python\STT\stt.py, line 461, in on_click
  on_activate_press() if pressed else on_activate_release()
File C:\Users\Kitchen\Documents\Python\STT\stt.py, line 417, in on_activate_press
  spawn_thread(on_activate_press_handler)
File C:\Users\Kitchen\Documents\Python\STT\stt.py, line 194, in spawn_thread
  stack = context + filtered_traceback()
  File "C:\Users\Kitchen\Documents\Python\STT\stt.py", line 161, in _thread_ctx
    func(*args)
  File "C:\Users\Kitchen\Documents\Python\STT\stt.py", line 379, in on_activate_press_handler
    if is_pressing_radio():
       ^^^^^^^^^^^^^^^^^^^
  File "C:\Users\Kitchen\Documents\Python\STT\stt.py", line 131, in is_pressing_radio
    raise RuntimeError()
